<?xml version="1.0" encoding="UTF-8"?>
<!-- Generated by org.testng.reporters.JUnitReportReporter -->
<testsuite hostname="Nilmie" name="Runner.TestRunner" tests="1" failures="0" timestamp="29 Oct 2018 09:32:19 GMT" time="0.017" errors="0">
  <testcase name="feature" time="0.017" classname="Runner.TestRunner"/>
</testsuite> <!-- Runner.TestRunner -->
